This is XeTeX, Version 3.141592653-2.6-0.999994 (MiKTeX 22.10) (preloaded format=xelatex 2022.11.24)  27 FEB 2023 14:35
entering extended mode
 restricted \write18 enabled.
 %&-line parsing enabled.
**./grammar_sketch.tex
(grammar_sketch.tex
LaTeX2e <2022-11-01>
L3 programming layer <2022-11-02>
(C:\Users\PKN\AppData\Local\Programs\MiKTeX\tex/latex/koma-script\scrbook.cls
Document Class: scrbook 2022/10/12 v3.38 KOMA-Script document class (book)
(C:\Users\PKN\AppData\Local\Programs\MiKTeX\tex/latex/koma-script\scrkbase.sty
Package: scrkbase 2022/10/12 v3.38 KOMA-Script package (KOMA-Script-dependent b
asics and keyval usage)

(C:\Users\PKN\AppData\Local\Programs\MiKTeX\tex/latex/koma-script\scrbase.sty
Package: scrbase 2022/10/12 v3.38 KOMA-Script package (KOMA-Script-independent 
basics and keyval usage)

(C:\Users\PKN\AppData\Local\Programs\MiKTeX\tex/latex/koma-script\scrlfile.sty
Package: scrlfile 2022/10/12 v3.38 KOMA-Script package (file load hooks)

(C:\Users\PKN\AppData\Local\Programs\MiKTeX\tex/latex/koma-script\scrlfile-hook
.sty
Package: scrlfile-hook 2022/10/12 v3.38 KOMA-Script package (using LaTeX hooks)


(C:\Users\PKN\AppData\Local\Programs\MiKTeX\tex/latex/koma-script\scrlogo.sty
Package: scrlogo 2022/10/12 v3.38 KOMA-Script package (logo)
))) (C:\Users\PKN\AppData\Local\Programs\MiKTeX\tex/latex/graphics\keyval.sty
Package: keyval 2022/05/29 v1.15 key=value parser (DPC)
\KV@toks@=\toks16
)
Applying: [2021/05/01] Usage of raw or classic option list on input line 252.
Already applied: [0000/00/00] Usage of raw or classic option list on input line
 368.
))
(C:\Users\PKN\AppData\Local\Programs\MiKTeX\tex/latex/koma-script\tocbasic.sty
Package: tocbasic 2022/10/12 v3.38 KOMA-Script package (handling toc-files)
\scr@dte@tocline@numberwidth=\skip47
\scr@dte@tocline@numbox=\box51
)
Package tocbasic Info: omitting babel extension for `toc'
(tocbasic)             because of feature `nobabel' available
(tocbasic)             for `toc' on input line 137.
Package scrbook Info: You've used standard option `12pt'.
(scrbook)             This is correct!
(scrbook)             Internally I'm using `fontsize=12pt'.
(scrbook)             If you'd like to set the option with \KOMAoptions,
(scrbook)             you'd have to use `fontsize=12pt' there
(scrbook)             instead of `12pt', too.
Class scrbook Info: You've used standard option `openany'.
(scrbook)           This is correct!
(scrbook)           Internally I'm using `open=any'.
(scrbook)           If you'd like to set the option with \KOMAoptions,
(scrbook)           you'd have to use `open=any' there
(scrbook)           instead of `openany', too.
Class scrbook Info: File `scrsize12pt.clo' used to setup font sizes on input li
ne 2617.

(C:\Users\PKN\AppData\Local\Programs\MiKTeX\tex/latex/koma-script\scrsize12pt.c
lo
File: scrsize12pt.clo 2022/10/12 v3.38 KOMA-Script font size class option (12pt
)
)
(C:\Users\PKN\AppData\Local\Programs\MiKTeX\tex/latex/koma-script\typearea.sty
Package: typearea 2022/10/12 v3.38 KOMA-Script package (type area)
\ta@bcor=\skip48
\ta@div=\count181
\ta@hblk=\skip49
\ta@vblk=\skip50
\ta@temp=\skip51
\footheight=\skip52
Package typearea Info: These are the values describing the layout:
(typearea)             DIV  = 12
(typearea)             BCOR = 0.0pt
(typearea)             \paperwidth      = 597.50793pt
(typearea)              \textwidth      = 448.13095pt
(typearea)              DIV departure   = -6%
(typearea)              \evensidemargin = 27.31467pt
(typearea)              \oddsidemargin  = -22.47766pt
(typearea)             \paperheight     = 845.04694pt
(typearea)              \textheight     = 635.5pt
(typearea)              \topmargin      = -41.72441pt
(typearea)              \headheight     = 18.125pt
(typearea)              \headsep        = 21.75pt
(typearea)              \topskip        = 12.0pt
(typearea)              \footskip       = 50.75pt
(typearea)              \baselineskip   = 14.5pt
(typearea)              on input line 1767.
)
\c@part=\count182
\c@chapter=\count183
\c@section=\count184
\c@subsection=\count185
\c@subsubsection=\count186
\c@paragraph=\count187
\c@subparagraph=\count188
\scr@dte@chapter@maxnumwidth=\skip53
Class scrbook Info: using compatibility default `afterindent=bysign'
(scrbook)           for `\chapter on input line 5898.
\scr@dte@section@maxnumwidth=\skip54
Class scrbook Info: using compatibility default `runin=bysign'
(scrbook)           for `\section on input line 5909.
Class scrbook Info: using compatibility default `afterindent=bysign'
(scrbook)           for `\section on input line 5909.
\scr@dte@part@maxnumwidth=\skip55
Class scrbook Info: using compatibility default `afterindent=true'
(scrbook)           for `\part on input line 5918.
\scr@dte@subsection@maxnumwidth=\skip56
Class scrbook Info: using compatibility default `runin=bysign'
(scrbook)           for `\subsection on input line 5928.
Class scrbook Info: using compatibility default `afterindent=bysign'
(scrbook)           for `\subsection on input line 5928.
\scr@dte@subsubsection@maxnumwidth=\skip57
Class scrbook Info: using compatibility default `runin=bysign'
(scrbook)           for `\subsubsection on input line 5938.
Class scrbook Info: using compatibility default `afterindent=bysign'
(scrbook)           for `\subsubsection on input line 5938.
\scr@dte@paragraph@maxnumwidth=\skip58
Class scrbook Info: using compatibility default `runin=bysign'
(scrbook)           for `\paragraph on input line 5949.
Class scrbook Info: using compatibility default `afterindent=bysign'
(scrbook)           for `\paragraph on input line 5949.
\scr@dte@subparagraph@maxnumwidth=\skip59
Class scrbook Info: using compatibility default `runin=bysign'
(scrbook)           for `\subparagraph on input line 5959.
Class scrbook Info: using compatibility default `afterindent=bysign'
(scrbook)           for `\subparagraph on input line 5959.
\abovecaptionskip=\skip60
\belowcaptionskip=\skip61
\c@pti@nb@sid@b@x=\box52
Package tocbasic Info: omitting babel extension for `lof'
(tocbasic)             because of feature `nobabel' available
(tocbasic)             for `lof' on input line 7142.
\scr@dte@figure@maxnumwidth=\skip62
\c@figure=\count189
Package tocbasic Info: omitting babel extension for `lot'
(tocbasic)             because of feature `nobabel' available
(tocbasic)             for `lot' on input line 7159.
\scr@dte@table@maxnumwidth=\skip63
\c@table=\count190
Class scrbook Info: Redefining `\numberline' on input line 7330.
\bibindent=\dimen140
) (C:\Users\PKN\AppData\Local\Programs\MiKTeX\tex/latex/tools\longtable.sty
Package: longtable 2021-09-01 v4.17 Multi-page Table package (DPC)
\LTleft=\skip64
\LTright=\skip65
\LTpre=\skip66
\LTpost=\skip67
\LTchunksize=\count191
\LTcapwidth=\dimen141
\LT@head=\box53
\LT@firsthead=\box54
\LT@foot=\box55
\LT@lastfoot=\box56
\LT@gbox=\box57
\LT@cols=\count192
\LT@rows=\count193
\c@LT@tables=\count194
\c@LT@chunks=\count195
\LT@p@ftn=\toks17
)
Class scrbook Info: longtable captions redefined on input line 3.

(C:\Users\PKN\AppData\Local\Programs\MiKTeX\tex/latex/booktabs\booktabs.sty
Package: booktabs 2020/01/12 v1.61803398 Publication quality tables
\heavyrulewidth=\dimen142
\lightrulewidth=\dimen143
\cmidrulewidth=\dimen144
\belowrulesep=\dimen145
\belowbottomsep=\dimen146
\aboverulesep=\dimen147
\abovetopsep=\dimen148
\cmidrulesep=\dimen149
\cmidrulekern=\dimen150
\defaultaddspace=\dimen151
\@cmidla=\count196
\@cmidlb=\count197
\@aboverulesep=\dimen152
\@belowrulesep=\dimen153
\@thisruleclass=\count198
\@lastruleclass=\count199
\@thisrulewidth=\dimen154
)
(C:\Users\PKN\AppData\Local\Programs\MiKTeX\tex/latex/adjustbox\adjustbox.sty
Package: adjustbox 2022/10/17 v1.3a Adjusting TeX boxes (trim, clip, ...)

(C:\Users\PKN\AppData\Local\Programs\MiKTeX\tex/latex/xkeyval\xkeyval.sty
Package: xkeyval 2022/06/16 v2.9 package option processing (HA)

(C:\Users\PKN\AppData\Local\Programs\MiKTeX\tex/generic/xkeyval\xkeyval.tex
(C:\Users\PKN\AppData\Local\Programs\MiKTeX\tex/generic/xkeyval\xkvutils.tex
\XKV@toks=\toks18
\XKV@tempa@toks=\toks19
)
\XKV@depth=\count266
File: xkeyval.tex 2014/12/03 v2.7a key=value parser (HA)
)) (C:\Users\PKN\AppData\Local\Programs\MiKTeX\tex/latex/adjustbox\adjcalc.sty
Package: adjcalc 2012/05/16 v1.1 Provides advanced setlength with multiple back
-ends (calc, etex, pgfmath)
)
(C:\Users\PKN\AppData\Local\Programs\MiKTeX\tex/latex/adjustbox\trimclip.sty
Package: trimclip 2020/08/19 v1.2 Trim and clip general TeX material

(C:\Users\PKN\AppData\Local\Programs\MiKTeX\tex/latex/graphics\graphicx.sty
Package: graphicx 2021/09/16 v1.2d Enhanced LaTeX Graphics (DPC,SPQR)

(C:\Users\PKN\AppData\Local\Programs\MiKTeX\tex/latex/graphics\graphics.sty
Package: graphics 2022/03/10 v1.4e Standard LaTeX Graphics (DPC,SPQR)

(C:\Users\PKN\AppData\Local\Programs\MiKTeX\tex/latex/graphics\trig.sty
Package: trig 2021/08/11 v1.11 sin cos tan (DPC)
)
(C:\Users\PKN\AppData\Local\Programs\MiKTeX\tex/latex/graphics-cfg\graphics.cfg
File: graphics.cfg 2016/06/04 v1.11 sample graphics configuration
)
Package graphics Info: Driver file: xetex.def on input line 107.
 (C:\Users\PKN\AppData\Local\Programs\MiKTeX\tex/latex/graphics-def\xetex.def
File: xetex.def 2022/09/22 v5.0n Graphics/color driver for xetex
))
\Gin@req@height=\dimen155
\Gin@req@width=\dimen156
)
(C:\Users\PKN\AppData\Local\Programs\MiKTeX\tex/latex/collectbox\collectbox.sty
Package: collectbox 2022/10/17 v0.4c Collect macro arguments as boxes
\collectedbox=\box58
)
\tc@llx=\dimen157
\tc@lly=\dimen158
\tc@urx=\dimen159
\tc@ury=\dimen160
Package trimclip Info: Using driver 'tc-xetex.def'.
 (C:\Users\PKN\AppData\Local\Programs\MiKTeX\tex/latex/adjustbox\tc-xetex.def
File: tc-xetex.def 2019/01/04 v2.2 Clipping driver for xetex
))
\adjbox@Width=\dimen161
\adjbox@Height=\dimen162
\adjbox@Depth=\dimen163
\adjbox@Totalheight=\dimen164
\adjbox@pwidth=\dimen165
\adjbox@pheight=\dimen166
\adjbox@pdepth=\dimen167
\adjbox@ptotalheight=\dimen168
 (C:\Users\PKN\AppData\Local\Programs\MiKTeX\tex/latex/ifoddpage\ifoddpage.sty
Package: ifoddpage 2022/10/18 v1.2 Conditionals for odd/even page detection
\c@checkoddpage=\count267
) (C:\Users\PKN\AppData\Local\Programs\MiKTeX\tex/latex/varwidth\varwidth.sty
Package: varwidth 2009/03/30 ver 0.92;  Variable-width minipages
\@vwid@box=\box59
\sift@deathcycles=\count268
\@vwid@loff=\dimen169
\@vwid@roff=\dimen170
)) (C:\Users\PKN\AppData\Local\Programs\MiKTeX\tex/latex/expex\expex.sty
Package: expex 5/1/2017 v5.1b LaTex wrapper for expex.tex (JF)

(C:\Users\PKN\AppData\Local\Programs\MiKTeX\tex/generic/expex\expex.tex
File: expex.tex 5/25/2017 v5.1b ExPex linguistics example formatter (JF)
\ep@dima=\dimen171
\ep@dimb=\dimen172
\ep@dimc=\dimen173
\ep@cnta=\count269
\epc@b=\count270
\excnt=\count271
\numbox=\box60
\epd@numright=\dimen174
\pexcnt=\count272
\epd@labelleft=\dimen175
\epd@labelright=\dimen176
\epd@textleft=\dimen177
\epd@preambleleft=\dimen178
\epd@sampleexnowidth=\dimen179
\ep@everylabel=\toks20
\exnobox=\box61
\ling@tagsfile=\write3
\ling@tagsin=\read2
\glstrutbox=\box62
\ep@cascadeindent=\dimen180
\ep@hangindentamount=\dimen181
\ep@cascadecount=\count273
\gltoks@a=\toks21
\gltoks@b=\toks22
\glw@maxht=\dimen182
\glw@maxdp=\dimen183
\@itemtype=\count274
\gl@maxdplast=\dimen184
\gltoks@sofar=\toks23
\gltoks@every=\toks24
\gltoks@next=\toks25
\debug@glword=\box63
\@glaparsestate=\count275
\glwcascade@pshapeindent=\dimen185
\glwcascade@pshapelinewd=\dimen186
\ssleftwd=\dimen187
\ssrightwd=\dimen188
))
(C:\Users\PKN\AppData\Local\Programs\MiKTeX\tex/latex/geometry\geometry.sty
Package: geometry 2020/01/02 v5.9 Page Geometry

(C:\Users\PKN\AppData\Local\Programs\MiKTeX\tex/generic/iftex\ifvtex.sty
Package: ifvtex 2019/10/25 v1.7 ifvtex legacy package. Use iftex instead.

(C:\Users\PKN\AppData\Local\Programs\MiKTeX\tex/generic/iftex\iftex.sty
Package: iftex 2022/02/03 v1.0f TeX engine tests
))
\Gm@cnth=\count276
\Gm@cntv=\count277
\c@Gm@tempcnt=\count278
\Gm@bindingoffset=\dimen189
\Gm@wd@mp=\dimen190
\Gm@odd@mp=\dimen191
\Gm@even@mp=\dimen192
\Gm@layoutwidth=\dimen193
\Gm@layoutheight=\dimen194
\Gm@layouthoffset=\dimen195
\Gm@layoutvoffset=\dimen196
\Gm@dimlist=\toks26

(C:\Users\PKN\AppData\Local\Programs\MiKTeX\tex/latex/geometry\geometry.cfg))
(C:\Users\PKN\AppData\Local\Programs\MiKTeX\tex/latex/fontspec\fontspec.sty
(C:\Users\PKN\AppData\Local\Programs\MiKTeX\tex/latex/l3packages/xparse\xparse.
sty (C:\Users\PKN\AppData\Local\Programs\MiKTeX\tex/latex/l3kernel\expl3.sty
Package: expl3 2022-11-02 L3 programming layer (loader) 

(C:\Users\PKN\AppData\Local\Programs\MiKTeX\tex/latex/l3backend\l3backend-xetex
.def
File: l3backend-xetex.def 2022-10-26 L3 backend support: XeTeX
\g__graphics_track_int=\count279
\l__pdf_internal_box=\box64
\g__pdf_backend_object_int=\count280
\g__pdf_backend_annotation_int=\count281
\g__pdf_backend_link_int=\count282
))
Package: xparse 2022-06-22 L3 Experimental document command parser
)
Package: fontspec 2022/01/15 v2.8a Font selection for XeLaTeX and LuaLaTeX

(C:\Users\PKN\AppData\Local\Programs\MiKTeX\tex/latex/fontspec\fontspec-xetex.s
ty
Package: fontspec-xetex 2022/01/15 v2.8a Font selection for XeLaTeX and LuaLaTe
X
\l__fontspec_script_int=\count283
\l__fontspec_language_int=\count284
\l__fontspec_strnum_int=\count285
\l__fontspec_tmp_int=\count286
\l__fontspec_tmpa_int=\count287
\l__fontspec_tmpb_int=\count288
\l__fontspec_tmpc_int=\count289
\l__fontspec_em_int=\count290
\l__fontspec_emdef_int=\count291
\l__fontspec_strong_int=\count292
\l__fontspec_strongdef_int=\count293
\l__fontspec_tmpa_dim=\dimen197
\l__fontspec_tmpb_dim=\dimen198
\l__fontspec_tmpc_dim=\dimen199
 (C:\Users\PKN\AppData\Local\Programs\MiKTeX\tex/latex/base\fontenc.sty
Package: fontenc 2021/04/29 v2.0v Standard LaTeX package
)
(C:\Users\PKN\AppData\Local\Programs\MiKTeX\tex/latex/fontspec\fontspec.cfg)))
(C:\Users\PKN\AppData\Local\Programs\MiKTeX\tex/latex/preprint\authblk.sty
Package: authblk 2001/02/27 1.3 (PWD)
\affilsep=\skip68
\@affilsep=\skip69
\c@Maxaffil=\count294
\c@authors=\count295
\c@affil=\count296
)

Package fontspec Info: Font family 'CharisSIL(0)' created for font 'Charis
(fontspec)             SIL' with options [Ligatures=TeX].
(fontspec)              
(fontspec)              This font family consists of the following NFSS
(fontspec)             series/shapes:
(fontspec)              
(fontspec)             - 'normal' (m/n) with NFSS spec.: <->"Charis
(fontspec)             SIL/OT:script=latn;language=dflt;mapping=tex-text;"
(fontspec)             - 'small caps'  (m/sc) with NFSS spec.: <->"Charis
(fontspec)             SIL/OT:script=latn;language=dflt;+smcp;mapping=tex-text;
"
(fontspec)             - 'bold' (b/n) with NFSS spec.: <->"Charis
(fontspec)             SIL/B/OT:script=latn;language=dflt;mapping=tex-text;"
(fontspec)             - 'bold small caps'  (b/sc) with NFSS spec.: <->"Charis
(fontspec)             SIL/B/OT:script=latn;language=dflt;+smcp;mapping=tex-tex
t;"
(fontspec)             - 'italic' (m/it) with NFSS spec.: <->"Charis
(fontspec)             SIL/I/OT:script=latn;language=dflt;mapping=tex-text;"
(fontspec)             - 'italic small caps'  (m/scit) with NFSS spec.:
(fontspec)             <->"Charis
(fontspec)             SIL/I/OT:script=latn;language=dflt;+smcp;mapping=tex-tex
t;"
(fontspec)             - 'bold italic' (b/it) with NFSS spec.: <->"Charis
(fontspec)             SIL/BI/OT:script=latn;language=dflt;mapping=tex-text;"
(fontspec)             - 'bold italic small caps'  (b/scit) with NFSS spec.:
(fontspec)             <->"Charis
(fontspec)             SIL/BI/OT:script=latn;language=dflt;+smcp;mapping=tex-te
xt;"



Class scrbook Warning: Usage of package `titlesec' together
(scrbook)              with a KOMA-Script class is not recommended.
(scrbook)              I'd suggest to use KOMA-Script features
(scrbook)              like \setkomafont, \RedeclareSectionCommand, \sectionlin
esformat
(scrbook)              and several others to re-configure section
(scrbook)              headings.
(scrbook)              Nevertheless, using requested
(scrbook)              package `titlesec' on input line 11.

(C:\Users\PKN\AppData\Local\Programs\MiKTeX\tex/latex/titlesec\titlesec.sty
Package: titlesec 2021/07/05 v2.14 Sectioning titles
\ttl@box=\box65
\beforetitleunit=\skip70
\aftertitleunit=\skip71
\ttl@plus=\dimen256
\ttl@minus=\dimen257
\ttl@toksa=\toks27
\titlewidth=\dimen258
\titlewidthlast=\dimen259
\titlewidthfirst=\dimen260


Package titlesec Warning: Non standard sectioning command \section
(titlesec)                detected. Using default spacing and no format.


Package titlesec Warning: Non standard sectioning command \subsection
(titlesec)                detected. Using default spacing and no format.


Package titlesec Warning: Non standard sectioning command \subsubsection
(titlesec)                detected. Using default spacing and no format.


Package titlesec Warning: Non standard sectioning command \paragraph
(titlesec)                detected. Using default spacing and no format.


Package titlesec Warning: Non standard sectioning command \subparagraph
(titlesec)                detected. Using default spacing and no format.

) (grammar_sketch.aux)
\openout1 = `grammar_sketch.aux'.

LaTeX Font Info:    Checking defaults for OML/cmm/m/it on input line 29.
LaTeX Font Info:    ... okay on input line 29.
LaTeX Font Info:    Checking defaults for OMS/cmsy/m/n on input line 29.
LaTeX Font Info:    ... okay on input line 29.
LaTeX Font Info:    Checking defaults for OT1/cmr/m/n on input line 29.
LaTeX Font Info:    ... okay on input line 29.
LaTeX Font Info:    Checking defaults for T1/cmr/m/n on input line 29.
LaTeX Font Info:    ... okay on input line 29.
LaTeX Font Info:    Checking defaults for TS1/cmr/m/n on input line 29.
LaTeX Font Info:    Trying to load font information for TS1+cmr on input line 2
9.

(C:\Users\PKN\AppData\Local\Programs\MiKTeX\tex/latex/base\ts1cmr.fd
File: ts1cmr.fd 2022/07/10 v2.5l Standard LaTeX font definitions
)
LaTeX Font Info:    ... okay on input line 29.
LaTeX Font Info:    Checking defaults for TU/lmr/m/n on input line 29.
LaTeX Font Info:    ... okay on input line 29.
LaTeX Font Info:    Checking defaults for OMX/cmex/m/n on input line 29.
LaTeX Font Info:    ... okay on input line 29.
LaTeX Font Info:    Checking defaults for U/cmr/m/n on input line 29.
LaTeX Font Info:    ... okay on input line 29.
Package scrbase Info: activating english \partname on input line 29.
Package scrbase Info: activating english \chaptername on input line 29.
Package scrbase Info: activating english \appendixname on input line 29.
Package scrbase Info: activating english \figurename on input line 29.
Package scrbase Info: activating english \tablename on input line 29.
Package scrbase Info: activating english \contentsname on input line 29.
Package scrbase Info: activating english \listfigurename on input line 29.
Package scrbase Info: activating english \listtablename on input line 29.
Package scrbase Info: activating english \bibname on input line 29.
Package scrbase Info: activating english \indexname on input line 29.

*geometry* driver: auto-detecting
*geometry* detected driver: xetex
*geometry* verbose mode - [ preamble ] result:
* driver: xetex
* paper: <default>
* layout: <same size as paper>
* layoutoffset:(h,v)=(0.0pt,0.0pt)
* modes: twoside 
* h-part:(L,W,R)=(69.42479pt, 458.65836pt, 69.42479pt)
* v-part:(T,H,B)=(69.42479pt, 706.19736pt, 69.42479pt)
* \paperwidth=597.50793pt
* \paperheight=845.04694pt
* \textwidth=458.65836pt
* \textheight=706.19736pt
* \oddsidemargin=-2.8452pt
* \evensidemargin=-2.8452pt
* \topmargin=-42.7202pt
* \headheight=18.125pt
* \headsep=21.75pt
* \topskip=12.0pt
* \footskip=50.75pt
* \marginparwidth=74.68849pt
* \marginparsep=12.8401pt
* \columnsep=10.0pt
* \skip\footins=10.8pt plus 4.0pt minus 2.0pt
* \hoffset=0.0pt
* \voffset=0.0pt
* \mag=1000
* \@twocolumnfalse
* \@twosidetrue
* \@mparswitchtrue
* \@reversemarginfalse
* (1in=72.27pt=25.4mm, 1cm=28.453pt)


Package fontspec Info: Adjusting the maths setup (use [no-math] to avoid
(fontspec)             this).

\symlegacymaths=\mathgroup4
LaTeX Font Info:    Overwriting symbol font `legacymaths' in version `bold'
(Font)                  OT1/cmr/m/n --> OT1/cmr/bx/n on input line 29.
LaTeX Font Info:    Redeclaring math accent \acute on input line 29.
LaTeX Font Info:    Redeclaring math accent \grave on input line 29.
LaTeX Font Info:    Redeclaring math accent \ddot on input line 29.
LaTeX Font Info:    Redeclaring math accent \tilde on input line 29.
LaTeX Font Info:    Redeclaring math accent \bar on input line 29.
LaTeX Font Info:    Redeclaring math accent \breve on input line 29.
LaTeX Font Info:    Redeclaring math accent \check on input line 29.
LaTeX Font Info:    Redeclaring math accent \hat on input line 29.
LaTeX Font Info:    Redeclaring math accent \dot on input line 29.
LaTeX Font Info:    Redeclaring math accent \mathring on input line 29.
LaTeX Font Info:    Redeclaring math symbol \colon on input line 29.
LaTeX Font Info:    Redeclaring math symbol \Gamma on input line 29.
LaTeX Font Info:    Redeclaring math symbol \Delta on input line 29.
LaTeX Font Info:    Redeclaring math symbol \Theta on input line 29.
LaTeX Font Info:    Redeclaring math symbol \Lambda on input line 29.
LaTeX Font Info:    Redeclaring math symbol \Xi on input line 29.
LaTeX Font Info:    Redeclaring math symbol \Pi on input line 29.
LaTeX Font Info:    Redeclaring math symbol \Sigma on input line 29.
LaTeX Font Info:    Redeclaring math symbol \Upsilon on input line 29.
LaTeX Font Info:    Redeclaring math symbol \Phi on input line 29.
LaTeX Font Info:    Redeclaring math symbol \Psi on input line 29.
LaTeX Font Info:    Redeclaring math symbol \Omega on input line 29.
LaTeX Font Info:    Redeclaring math symbol \mathdollar on input line 29.
LaTeX Font Info:    Redeclaring symbol font `operators' on input line 29.
LaTeX Font Info:    Encoding `OT1' has changed to `TU' for symbol font
(Font)              `operators' in the math version `normal' on input line 29.
LaTeX Font Info:    Overwriting symbol font `operators' in version `normal'
(Font)                  OT1/cmr/m/n --> TU/CharisSIL(0)/m/n on input line 29.
LaTeX Font Info:    Encoding `OT1' has changed to `TU' for symbol font
(Font)              `operators' in the math version `bold' on input line 29.
LaTeX Font Info:    Overwriting symbol font `operators' in version `bold'
(Font)                  OT1/cmr/bx/n --> TU/CharisSIL(0)/m/n on input line 29.
LaTeX Font Info:    Overwriting symbol font `operators' in version `normal'
(Font)                  TU/CharisSIL(0)/m/n --> TU/CharisSIL(0)/m/n on input li
ne 29.
LaTeX Font Info:    Overwriting math alphabet `\mathit' in version `normal'
(Font)                  OT1/cmr/m/it --> TU/CharisSIL(0)/m/it on input line 29.

LaTeX Font Info:    Overwriting math alphabet `\mathbf' in version `normal'
(Font)                  OT1/cmr/bx/n --> TU/CharisSIL(0)/b/n on input line 29.
LaTeX Font Info:    Overwriting math alphabet `\mathsf' in version `normal'
(Font)                  OT1/cmss/m/n --> TU/lmss/m/n on input line 29.
LaTeX Font Info:    Overwriting math alphabet `\mathtt' in version `normal'
(Font)                  OT1/cmtt/m/n --> TU/lmtt/m/n on input line 29.
LaTeX Font Info:    Overwriting symbol font `operators' in version `bold'
(Font)                  TU/CharisSIL(0)/m/n --> TU/CharisSIL(0)/b/n on input li
ne 29.
LaTeX Font Info:    Overwriting math alphabet `\mathit' in version `bold'
(Font)                  OT1/cmr/bx/it --> TU/CharisSIL(0)/b/it on input line 29
.
LaTeX Font Info:    Overwriting math alphabet `\mathsf' in version `bold'
(Font)                  OT1/cmss/bx/n --> TU/lmss/b/n on input line 29.
LaTeX Font Info:    Overwriting math alphabet `\mathtt' in version `bold'
(Font)                  OT1/cmtt/m/n --> TU/lmtt/b/n on input line 29.
[1



] (sections/causatives.tex
chapter 1.

Class scrbook Warning: Redefinition of \@makechapterhead detected.
(scrbook)              Note: KOMA-Script does use styles for commands like
(scrbook)              \chapter. Currently it internally still provides and
(scrbook)              uses \@makechapterhead, but a completely different
(scrbook)              definition compared to the standard classes.
(scrbook)              So redefining or using internal \@makechapterhead
(scrbook)              by users or package authors may already break
(scrbook)              KOMA-Script and will not work with a coming version,
(scrbook)              that will remove this deprecated code.

LaTeX Font Info:    Font shape `TU/lmss/bx/it' in size <17.28> not available
(Font)              Font shape `TU/lmss/bx/sl' tried instead on input line 5.

LaTeX Warning: Reference `subsection:inch_caus_sec' on page 2 undefined on inpu
t line 6.

(grammar_sketch-tags.tex) (examples/inchoative_transitive.002.tex)
(examples/inchoative_transitive.005.tex)
(examples/inchoative_transitive.029.tex)
(examples/inchoative_transitive.030.tex)) (sections/focus.tex [2

]
chapter 2.

Class scrbook Warning: Redefinition of \@makechapterhead detected.
(scrbook)              Note: KOMA-Script does use styles for commands like
(scrbook)              \chapter. Currently it internally still provides and
(scrbook)              uses \@makechapterhead, but a completely different
(scrbook)              definition compared to the standard classes.
(scrbook)              So redefining or using internal \@makechapterhead
(scrbook)              by users or package authors may already break
(scrbook)              KOMA-Script and will not work with a coming version,
(scrbook)              that will remove this deprecated code.

) (sections/topic.tex [3

]
chapter 3.

Class scrbook Warning: Redefinition of \@makechapterhead detected.
(scrbook)              Note: KOMA-Script does use styles for commands like
(scrbook)              \chapter. Currently it internally still provides and
(scrbook)              uses \@makechapterhead, but a completely different
(scrbook)              definition compared to the standard classes.
(scrbook)              So redefining or using internal \@makechapterhead
(scrbook)              by users or package authors may already break
(scrbook)              KOMA-Script and will not work with a coming version,
(scrbook)              that will remove this deprecated code.

) (sections/relatives.tex [4

]
chapter 4.

Class scrbook Warning: Redefinition of \@makechapterhead detected.
(scrbook)              Note: KOMA-Script does use styles for commands like
(scrbook)              \chapter. Currently it internally still provides and
(scrbook)              uses \@makechapterhead, but a completely different
(scrbook)              definition compared to the standard classes.
(scrbook)              So redefining or using internal \@makechapterhead
(scrbook)              by users or package authors may already break
(scrbook)              KOMA-Script and will not work with a coming version,
(scrbook)              that will remove this deprecated code.

) [5

] (grammar_sketch.aux)

LaTeX Warning: There were undefined references.

 ) 
Here is how much of TeX's memory you used:
 9359 strings out of 410432
 224009 string characters out of 2810917
 755598 words of memory out of 3000000
 30529 multiletter control sequences out of 15000+600000
 469451 words of font info for 52 fonts, out of 8000000 for 9000
 1348 hyphenation exceptions out of 8191
 108i,7n,106p,10633b,281s stack positions out of 10000i,1000n,20000p,200000b,80000s

Output written on grammar_sketch.pdf (5 pages).
